05/May/2025 08:26:46 Monday - App_Run_Test - [INFO] : Waiting for element 'role=link[name="קבלו חודש ניסיון חינם"]' to be enabled.
05/May/2025 08:26:46 Monday - App_Run_Test - [INFO] : Clicked on 'role=link[name="קבלו חודש ניסיון חינם"]' element
05/May/2025 08:26:46 Monday - App_Run_Test - [INFO] : Waiting for element 'role=button[name="בואו נתחיל"]' to be enabled.
05/May/2025 08:26:47 Monday - App_Run_Test - [INFO] : Clicked on 'role=button[name="בואו נתחיל"]' element
05/May/2025 08:26:52 Monday - App_Run_Test - [INFO] : Waiting for element 'role=textbox[name="* טלפון"]' to be enabled.
05/May/2025 08:26:53 Monday - App_Run_Test - [INFO] : Filled '0535669014' into 'role=textbox[name="* טלפון"]' element
05/May/2025 08:26:53 Monday - App_Run_Test - [INFO] : Waiting for element 'role=button[name="בואו נמשיך"]' to be enabled.
05/May/2025 08:26:53 Monday - App_Run_Test - [INFO] : Clicked on 'role=button[name="בואו נמשיך"]' element
05/May/2025 08:26:53 Monday - App_Run_Test - [INFO] : Getting OTP code from Twilio server
05/May/2025 08:26:53 Monday - App_Run_Test - [INFO] : Waiting for SMS after '08:26:53'
05/May/2025 08:27:00 Monday - App_Run_Test - [INFO] : OTP found: 4422 at time: '08:26:54'
05/May/2025 08:27:00 Monday - App_Run_Test - [INFO] : OTP received: 4422
05/May/2025 08:27:00 Monday - App_Run_Test - [INFO] : Waiting for element 'role=textbox[name="יש להזין קוד אימות שנשלח אליך בSMS - ספרה ראשונה"]' to be enabled.
05/May/2025 08:27:01 Monday - App_Run_Test - [INFO] : Filled '4' into 'role=textbox[name="יש להזין קוד אימות שנשלח אליך בSMS - ספרה ראשונה"]' element
05/May/2025 08:27:01 Monday - App_Run_Test - [INFO] : Waiting for element 'role=textbox[name="ספרה שניה"]' to be enabled.
05/May/2025 08:27:01 Monday - App_Run_Test - [INFO] : Filled '4' into 'role=textbox[name="ספרה שניה"]' element
05/May/2025 08:27:01 Monday - App_Run_Test - [INFO] : Waiting for element 'role=textbox[name="ספרה שלישית"]' to be enabled.
05/May/2025 08:27:02 Monday - App_Run_Test - [INFO] : Filled '2' into 'role=textbox[name="ספרה שלישית"]' element
05/May/2025 08:27:02 Monday - App_Run_Test - [INFO] : Waiting for element 'role=textbox[name="ספרה רביעית"]' to be enabled.
05/May/2025 08:27:02 Monday - App_Run_Test - [INFO] : Filled '2' into 'role=textbox[name="ספרה רביעית"]' element
05/May/2025 08:27:02 Monday - App_Run_Test - [INFO] : Waiting for element 'role=button[name="בואו נמשיך"]' to be enabled.
05/May/2025 08:27:05 Monday - App_Run_Test - [INFO] : Clicked on 'role=button[name="בואו נמשיך"]' element
05/May/2025 08:27:05 Monday - App_Run_Test - [INFO] : Waiting for element 'role=button[name="FREE 2 ₪ 44.90 לחודש"]' to be enabled.
05/May/2025 08:27:07 Monday - App_Run_Test - [INFO] : Clicked on 'role=button[name="FREE 2 ₪ 44.90 לחודש"]' element
05/May/2025 08:27:07 Monday - App_Run_Test - [INFO] : Waiting for element 'role=button[name="בואו נמשיך"]' to be enabled.
05/May/2025 08:27:08 Monday - App_Run_Test - [INFO] : Clicked on 'role=button[name="בואו נמשיך"]' element
05/May/2025 08:27:08 Monday - App_Run_Test - [INFO] : Waiting for element '.w-full.mt-auto > .Button_button_main__pamo6' to be enabled.
05/May/2025 08:27:11 Monday - App_Run_Test - [INFO] : Clicked on '.w-full.mt-auto > .Button_button_main__pamo6' element
05/May/2025 08:27:11 Monday - App_Run_Test - [INFO] : Waiting for element '[name="firstName"]' to be enabled.
05/May/2025 08:27:12 Monday - App_Run_Test - [INFO] : Filled 'Registration test' into '[name="firstName"]' element
05/May/2025 08:27:12 Monday - App_Run_Test - [INFO] : Waiting for element '[name="lastName"]' to be enabled.
05/May/2025 08:27:13 Monday - App_Run_Test - [INFO] : Filled 'Automation' into '[name="lastName"]' element
05/May/2025 08:27:13 Monday - App_Run_Test - [INFO] : Waiting for element 'role=button[name="מספר כרטיס אשראי"]' to be enabled.
05/May/2025 08:27:13 Monday - App_Run_Test - [INFO] : Clicked on 'role=button[name="מספר כרטיס אשראי"]' element
05/May/2025 08:27:13 Monday - App_Run_Test - [INFO] : Waiting for element '#card-number' inside frame '#ua_main_aria iframe' for up to 5000ms  .
05/May/2025 08:27:18 Monday - App_Run_Test - [INFO] : Element '#card-number' is now visible inside frame '#ua_main_aria iframe'.
05/May/2025 08:27:19 Monday - App_Run_Test - [INFO] : Filled '4580160117972457' into element '#card-number' in frame '#ua_main_aria iframe'.
05/May/2025 08:27:19 Monday - App_Run_Test - [INFO] : Waiting for element '#expYear' inside frame '#ua_main_aria iframe' for up to 5000ms  .
05/May/2025 08:27:19 Monday - App_Run_Test - [INFO] : Element '#expYear' is now visible inside frame '#ua_main_aria iframe'.
05/May/2025 08:27:19 Monday - App_Run_Test - [INFO] : Selected '26' from element '#expYear' in frame '#ua_main_aria iframe'.
05/May/2025 08:27:19 Monday - App_Run_Test - [INFO] : Waiting for element '#expMonth' inside frame '#ua_main_aria iframe' for up to 5000ms  .
05/May/2025 08:27:19 Monday - App_Run_Test - [INFO] : Element '#expMonth' is now visible inside frame '#ua_main_aria iframe'.
05/May/2025 08:27:20 Monday - App_Run_Test - [INFO] : Selected '06' from element '#expMonth' in frame '#ua_main_aria iframe'.
05/May/2025 08:27:20 Monday - App_Run_Test - [INFO] : Waiting for element '#cvv' inside frame '#ua_main_aria iframe' for up to 5000ms  .
05/May/2025 08:27:20 Monday - App_Run_Test - [INFO] : Element '#cvv' is now visible inside frame '#ua_main_aria iframe'.
05/May/2025 08:27:20 Monday - App_Run_Test - [INFO] : Filled '679' into element '#cvv' in frame '#ua_main_aria iframe'.
05/May/2025 08:27:20 Monday - App_Run_Test - [INFO] : Waiting for element '#personal-id' inside frame '#ua_main_aria iframe' for up to 5000ms  .
05/May/2025 08:27:20 Monday - App_Run_Test - [INFO] : Element '#personal-id' is now visible inside frame '#ua_main_aria iframe'.
05/May/2025 08:27:21 Monday - App_Run_Test - [INFO] : Filled '310437017' into element '#personal-id' in frame '#ua_main_aria iframe'.
05/May/2025 08:27:21 Monday - App_Run_Test - [INFO] : Waiting for element '#cg-submit-btn' inside frame '#ua_main_aria iframe' for up to 5000ms  .
05/May/2025 08:27:21 Monday - App_Run_Test - [INFO] : Element '#cg-submit-btn' is now visible inside frame '#ua_main_aria iframe'.
05/May/2025 08:27:21 Monday - App_Run_Test - [INFO] : Clicked on element '#cg-submit-btn' in frame '#ua_main_aria iframe'.
05/May/2025 08:27:21 Monday - App_Run_Test - [INFO] : Waiting for element 'role=checkbox[name="קראתי ואישרתי"]' to be enabled.
05/May/2025 08:27:26 Monday - App_Run_Test - [INFO] : Clicked on 'role=checkbox[name="קראתי ואישרתי"]' element
